<?xml version="1.0" encoding="UTF-8"?>
<testng-results skipped="0" failed="0" ignored="0" total="2" passed="2">
  <reporter-output>
  </reporter-output>
  <suite name="Suite" duration-ms="47" started-at="2020-09-12T17:54:43Z" finished-at="2020-09-12T17:54:43Z">
    <groups>
    </groups>
    <test name="Test" duration-ms="47" started-at="2020-09-12T17:54:43Z" finished-at="2020-09-12T17:54:43Z">
      <class name="com.test.SampleTest">
        <test-method status="PASS" signature="test01()[pri:0, instance:com.test.SampleTest@3551a94]" name="test01" duration-ms="9" started-at="2020-09-12T17:54:43Z" finished-at="2020-09-12T17:54:43Z">
          <reporter-output>
          </reporter-output>
        </test-method> <!-- test01 -->
        <test-method status="PASS" signature="test02()[pri:0, instance:com.test.SampleTest@3551a94]" name="test02" duration-ms="0" started-at="2020-09-12T17:54:43Z" finished-at="2020-09-12T17:54:43Z">
          <reporter-output>
          </reporter-output>
        </test-method> <!-- test02 -->
      </class> <!-- com.test.SampleTest -->
    </test> <!-- Test -->
  </suite> <!-- Suite -->
</testng-results>
