<?xml version="1.0" encoding="UTF-8"?>
<testng-results skipped="0" failed="0" ignored="0" total="1" passed="1">
  <reporter-output>
  </reporter-output>
  <suite name="Suite" duration-ms="8216" started-at="2020-09-13T17:47:09Z" finished-at="2020-09-13T17:47:18Z">
    <groups>
    </groups>
    <test name="Test" duration-ms="8216" started-at="2020-09-13T17:47:09Z" finished-at="2020-09-13T17:47:18Z">
      <class name="com.test.LoginTest">
        <test-method status="PASS" signature="test01()[pri:0, instance:com.test.LoginTest@61dc03ce]" name="test01" duration-ms="8177" started-at="2020-09-13T17:47:09Z" finished-at="2020-09-13T17:47:18Z">
          <reporter-output>
          </reporter-output>
        </test-method> <!-- test01 -->
      </class> <!-- com.test.LoginTest -->
    </test> <!-- Test -->
  </suite> <!-- Suite -->
</testng-results>
